\BOOKMARK [1][-]{Doc-Start}{Abbildungsverzeichnis}{}% 1
\BOOKMARK [1][-]{Doc-Start}{Tabellenverzeichnis}{}% 2
\BOOKMARK [1][-]{section.1}{Einleitung}{}% 3
\BOOKMARK [1][-]{section.2}{Grundlagen}{}% 4
\BOOKMARK [2][-]{subsection.2.1}{Gliederungen}{section.2}% 5
\BOOKMARK [3][-]{subsubsection.2.1.1}{Gliederungsebene 3}{subsection.2.1}% 6
\BOOKMARK [4][-]{paragraph.2.1.1.1}{Gliederungsebene 4}{subsubsection.2.1.1}% 7
\BOOKMARK [2][-]{subsection.2.2}{Aufz\344hlungen}{section.2}% 8
\BOOKMARK [2][-]{subsection.2.3}{Abbildungen}{section.2}% 9
\BOOKMARK [2][-]{subsection.2.4}{Tabellen}{section.2}% 10
\BOOKMARK [1][-]{section.3}{Entwicklung eines konzeptuellen Rahmens}{}% 11
\BOOKMARK [2][-]{subsection.3.1}{Quellen und richtiges Zitieren}{section.3}% 12
\BOOKMARK [2][-]{subsection.3.2}{Zitieren mit Endnoten}{section.3}% 13
\BOOKMARK [3][-]{subsubsection.3.2.1}{Lateinischer Text mit Zitaten f\374r Erstellung des Literaturverzeichnisses}{subsection.3.2}% 14
\BOOKMARK [2][-]{subsection.3.3}{Literaturrecherche}{section.3}% 15
\BOOKMARK [3][-]{subsubsection.3.3.1}{Angebot der ULB}{subsection.3.3}% 16
\BOOKMARK [3][-]{subsubsection.3.3.2}{Online-Datenbanken und -Bibliotheken}{subsection.3.3}% 17
\BOOKMARK [3][-]{subsubsection.3.3.3}{Sonstiges}{subsection.3.3}% 18
\BOOKMARK [1][-]{section.4}{Forschungsmethoden}{}% 19
\BOOKMARK [1][-]{section.5}{Forschungsergebnisse}{}% 20
\BOOKMARK [1][-]{section.6}{Diskussion}{}% 21
\BOOKMARK [1][-]{section.7}{Zusammenfassung und Ausblick}{}% 22
\BOOKMARK [2][-]{subsection.7.1}{Abgabedokument}{section.7}% 23
\BOOKMARK [1][-]{section*.3}{Literatur}{}% 24
\BOOKMARK [1][-]{appendix.A}{Anhang}{}% 25
